<?xml version="1.0" encoding="UTF-8"?>
<!-- Generated by org.testng.reporters.JUnitReportReporter -->
<testsuite hostname="DESKTOP-TCLPQKU" failures="0" tests="1" name="com.comcast.crm.orgtest.CreateOraganizationTest" time="23.742" errors="0" timestamp="2024-07-16T20:20:51 IST" skipped="0">
  <testcase classname="com.comcast.crm.orgtest.CreateOraganizationTest" name="createOrgTest" time="23.742"/>
</testsuite> <!-- com.comcast.crm.orgtest.CreateOraganizationTest -->
