<?xml version="1.0" encoding="UTF-8"?>
<!-- Generated by org.testng.reporters.JUnitReportReporter -->
<testsuite hostname="DESKTOP-TCLPQKU" failures="0" tests="1" name="com.comcast.crm.contacttest.CreateContactTest" time="18.725" errors="0" timestamp="2024-07-16T20:20:51 IST" skipped="0">
  <testcase classname="com.comcast.crm.contacttest.CreateContactTest" name="createContactTest" time="18.725"/>
</testsuite> <!-- com.comcast.crm.contacttest.CreateContactTest -->
